========================================
 AGNI TB: FMA Unit Test
========================================

--- Normal FMA Operations ---
[PASS] T1: 1.0*2.0+3.0=5.0 = 4c800000
[PASS] T2: 2.0*2.0+0=4.0 = 4c000000
[PASS] T3: 1.0*1.0+1.0=2.0 = 4bc00000

--- Special Values ---
[PASS] T4: NaN*1+1=NaN = 7fc00000
[PASS] T5: 1*NaN+1=NaN = 7fc00000
[PASS] T6: 1*1+NaN=NaN = 7fc00000
[PASS] T7: Inf*1+0=Inf = 7f800000
[PASS] T8: 0*Inf+0=NaN = 7fc00000

--- Zero Handling ---
[PASS] T9: 0*0+0=0 = 00000000

========================================
 Results: 9 PASS, 0 FAIL / 9 total
========================================
??? ALL TESTS PASSED
tb/tb_fma_unit.sv:121: $finish called at 129000 (1ps)
